/home/xie/miniconda3/envs/torch_gpu311/lib/python3.11/site-packages/timm/models/layers/__init__.py:48: FutureWarning: Importing from timm.models.layers is deprecated, please import via timm.layers
  warnings.warn(f"Importing from {__name__} is deprecated, please import via timm.layers", FutureWarning)
True
True
Loading ./60.5checkpoint_best.pth.tar
decompress: tensor([[[[-1.6790e-01, -6.3014e-02, -4.2708e-01,  ..., -8.3108e-02,
           -3.7675e-02, -6.6959e-02],
          [-3.2842e-01, -1.2275e-01, -1.0992e+00,  ..., -1.0796e-01,
            1.4379e-02, -6.7776e-02],
          [-2.6117e-01, -1.7073e-01,  8.7025e-01,  ..., -3.8044e-02,
            5.0704e-02, -6.9915e-02],
          ...,
          [-1.1355e-02, -1.4544e-02,  1.3454e-01,  ..., -2.1477e-01,
            7.8112e-02, -2.0491e-01],
          [ 6.2288e-02,  2.6318e-02, -4.0927e-02,  ..., -9.9071e-02,
            3.7080e-02, -1.6747e-01],
          [ 7.1004e-02, -1.5407e-02, -2.3146e-03,  ..., -3.5521e-02,
           -1.1271e-02, -8.3118e-02]],

         [[ 2.0578e-02, -4.9266e-03,  9.0302e-02,  ...,  7.6894e-02,
            4.9130e-02,  2.1609e-02],
          [ 3.3487e-03, -4.1029e-02,  1.3731e-01,  ...,  2.4259e-02,
            8.1650e-02,  8.8156e-02],
          [ 8.3733e-03,  7.0001e-03, -3.3624e-02,  ...,  4.3265e-02,
            5.7227e-02,  1.0455e-01],
          ...,
          [-4.6339e-02, -3.5721e-02, -5.7913e-02,  ...,  5.1099e-02,
           -4.0821e-03,  1.3344e-01],
          [-1.7733e-02, -1.1185e-02, -1.5430e-02,  ...,  8.9657e-03,
           -4.5127e-02,  9.5830e-02],
          [ 1.6045e-02, -1.5564e-02, -2.4609e-02,  ...,  1.4209e-02,
            1.6253e-02, -5.0428e-03]],

         [[-2.7190e-04, -8.6475e-03,  1.3486e-02,  ...,  2.7385e-02,
           -7.0260e-03,  9.6082e-05],
          [-1.4265e-02, -1.7738e-02,  1.7815e-02,  ..., -2.1019e-02,
           -4.3619e-03,  6.8605e-03],
          [-2.7863e-02, -2.5606e-02,  7.4658e-04,  ..., -2.3470e-02,
           -7.3630e-02, -1.1232e-02],
          ...,
          [-1.0484e-02, -2.8142e-02, -1.2087e-01,  ..., -2.8548e-02,
           -1.0668e-01, -3.8280e-02],
          [-3.6150e-02,  6.8876e-02, -2.9450e-02,  ..., -6.2149e-02,
            2.0924e-02, -2.7082e-02],
          [-1.4297e-01,  7.6235e-02, -3.8775e-03,  ..., -2.0485e-02,
           -2.9214e-02,  6.8613e-03]],

         ...,

         [[-2.1214e-02, -1.7370e-02,  3.4708e-02,  ...,  1.4105e-01,
            1.7856e-02,  2.2787e-02],
          [-1.0538e-02, -2.3012e-02,  5.2781e-02,  ...,  1.4912e-02,
           -1.1624e-02,  2.4314e-02],
          [-4.0610e-02, -1.4446e-02, -9.1996e-02,  ...,  5.5440e-02,
           -5.4999e-02,  1.4870e-02],
          ...,
          [ 2.7682e-02,  4.8609e-02, -8.2948e-02,  ...,  3.7988e-02,
            1.8065e-02,  4.5519e-02],
          [ 2.7669e-02, -3.7476e-02,  1.1145e-01,  ...,  6.1798e-02,
           -6.6473e-02,  5.2763e-02],
          [ 3.0062e-02,  2.6454e-01,  1.5766e-01,  ...,  2.3298e-01,
            4.1666e-02,  1.1285e-01]],

         [[ 8.2692e-02,  1.4322e-01,  1.5597e-01,  ...,  4.1190e-02,
            9.0410e-02,  2.0796e-02],
          [ 1.4110e-01,  1.8278e-01,  7.8482e-02,  ...,  6.7792e-02,
            1.0098e-01,  1.6047e-03],
          [ 1.3577e-01,  1.6848e-01,  3.1481e-02,  ...,  3.1176e-02,
            1.4525e-01,  1.8522e-02],
          ...,
          [ 3.5286e-02,  1.3309e-01,  2.7367e-02,  ...,  6.1132e-02,
           -1.3353e-01, -5.1607e-02],
          [-2.7053e-02, -5.3932e-02,  5.3265e-02,  ...,  5.4109e-02,
           -1.2232e-01,  6.4437e-02],
          [-5.2654e-02,  1.2796e-02, -4.0493e-02,  ..., -1.2557e-02,
           -8.5124e-02,  1.6586e-01]],

         [[ 5.8408e-02,  2.2955e-02, -1.8119e-03,  ..., -2.6401e-02,
            2.5702e-02,  7.6697e-02],
          [ 6.7649e-02,  4.6763e-03, -2.2116e-02,  ...,  2.0144e-03,
            1.4370e-01, -7.8586e-02],
          [ 3.3516e-02, -2.6279e-02, -1.8418e-01,  ...,  6.8246e-02,
            1.9031e-02, -4.8286e-02],
          ...,
          [-9.7496e-03,  1.0183e-02,  7.3657e-02,  ..., -4.0059e-02,
           -1.0748e-01, -1.2776e-01],
          [ 1.9037e-02, -4.8199e-02, -1.1745e-01,  ..., -3.7404e-02,
            7.1303e-01, -8.4589e-02],
          [ 4.8616e-02, -1.6467e-01, -1.1928e+00,  ..., -9.6846e-02,
            1.3594e-01, -2.5598e-02]]]], device='cuda:0')
decompress: tensor([[[[-3.5205e-02, -2.0541e-03, -2.4080e-01,  ..., -2.1163e-01,
           -2.5924e-02,  5.5358e-02],
          [ 1.3813e-01, -2.7532e-02, -2.1837e+00,  ..., -9.4049e-01,
           -2.3653e+00, -6.1100e-01],
          [ 1.5973e-01, -4.6208e-01, -4.5424e+00,  ..., -2.0528e+00,
           -1.0715e+00, -5.5696e-01],
          ...,
          [-8.0340e-02,  4.5467e-01,  6.8480e+00,  ..., -9.0086e-01,
           -4.0086e-01,  5.7657e-01],
          [ 9.3832e-01, -8.8070e-01, -1.5729e+00,  ...,  9.2206e-01,
           -1.6656e-01, -3.3063e-01],
          [-4.2814e-01, -5.9613e+00,  8.7479e-01,  ...,  6.8237e-01,
           -1.0667e+00, -1.0050e-01]],

         [[ 7.7903e-03, -1.7724e-02, -1.0149e-02,  ...,  2.0418e-02,
            1.2856e-02,  4.5727e-03],
          [ 2.4177e-02,  8.6725e-03, -1.1198e+00,  ..., -7.8383e-02,
           -2.1813e-02, -3.3610e-02],
          [ 6.9647e-03,  2.3878e-02,  8.6757e-01,  ..., -3.1755e-02,
           -4.5642e-02, -6.4907e-03],
          ...,
          [-3.7667e-02, -4.0653e-02, -4.1699e-02,  ...,  1.8374e-03,
           -1.2925e-02,  6.2974e-02],
          [ 2.2145e-02, -7.5730e-02,  1.1804e-01,  ..., -4.9965e-03,
            9.6530e-02,  5.6527e-03],
          [-5.6443e-02,  3.4873e-02, -1.2742e-02,  ...,  2.6254e-03,
            4.1348e-02, -4.3256e-02]],

         [[ 1.0927e-01,  1.4211e-01,  3.2497e-01,  ...,  3.5553e-02,
            3.0214e-03, -6.1420e-02],
          [ 4.0832e-01,  5.6826e-01,  1.9737e+00,  ...,  3.0020e-01,
            3.0330e-01, -5.6137e-02],
          [ 3.8414e-01,  6.4746e-01,  3.5874e+00,  ...,  5.1076e-01,
            4.2939e-01, -1.2767e-02],
          ...,
          [ 2.2469e-02,  3.3655e-01,  1.3776e+00,  ...,  1.7171e+00,
            2.1465e-01,  2.2391e-01],
          [ 1.3644e-02,  1.6078e-01,  1.2554e+00,  ...,  1.5344e+00,
            4.5442e-01,  1.7168e-01],
          [ 4.9998e-02, -2.8848e-03,  3.2470e-02,  ...,  1.0622e-01,
            3.0223e-01, -1.6317e-03]],

         ...,

         [[-8.2242e-02, -1.4302e-03,  6.5251e-01,  ...,  4.3479e-01,
            1.1423e-01, -7.6313e-01],
          [-7.5773e-02,  8.7623e-02,  4.0272e-01,  ...,  5.6245e-01,
            5.7456e-02,  2.5182e-01],
          [-4.2059e-03,  3.8343e-01,  6.7685e-01,  ..., -4.3450e-01,
            1.6661e-01,  1.6972e-01],
          ...,
          [ 2.4634e-01,  1.2334e-01,  3.4090e-01,  ..., -1.7205e-02,
            7.1370e-01, -1.7537e-02],
          [-1.5884e-01,  2.2514e+00, -1.0375e+00,  ..., -1.0924e-01,
           -8.2207e-01,  1.5995e-02],
          [-4.0905e-01, -1.6805e+00, -1.3187e-02,  ...,  1.0296e+00,
           -4.2579e-01, -3.7957e-02]],

         [[-9.6388e-03,  3.5924e-02, -1.0332e-01,  ..., -3.7992e-01,
           -3.6340e-01,  1.2414e-01],
          [-9.8133e-03,  4.2304e-02, -1.2994e-01,  ..., -5.5401e-01,
           -4.1474e-01, -1.8153e-01],
          [-5.1975e-03,  5.7486e-03, -4.7943e-01,  ..., -2.7111e-01,
           -2.7697e-01, -3.8336e-01],
          ...,
          [-2.4914e-02,  2.1414e-01, -2.1024e-01,  ..., -3.3095e-01,
           -3.2944e-01, -1.6566e-01],
          [ 4.1027e-02, -1.3196e-01,  7.2756e-01,  ..., -5.1787e-02,
           -2.0163e-03, -8.1727e-02],
          [ 9.7348e-02,  4.0781e-01,  4.9410e-01,  ...,  1.7445e-02,
           -1.2241e+00, -1.5151e-01]],

         [[-3.0415e-02, -7.8333e-03,  1.6074e-03,  ..., -1.8779e-02,
           -1.4521e-03, -8.4039e-04],
          [-1.0918e-03,  6.1927e-02,  3.7405e-02,  ..., -3.9601e-02,
           -9.8812e-03,  1.2687e-02],
          [ 5.3408e-03,  6.8635e-02,  5.7564e-02,  ...,  3.6126e-02,
           -3.0143e-02,  4.9116e-02],
          ...,
          [ 1.7902e-03,  1.2996e-02,  1.3414e-02,  ...,  4.2080e-02,
            5.3605e-03,  6.2162e-03],
          [-3.9943e-02,  6.5634e-03,  2.1661e-02,  ...,  3.8312e-02,
            1.4419e-02, -2.6199e-02],
          [-5.2373e-03, -2.8608e-02, -1.6730e-04,  ...,  7.9361e-03,
           -1.4960e-02, -8.7581e-04]]]], device='cuda:0')
decompress: tensor([[[[-1.6027e-02, -2.5702e-02, -2.5639e-01,  ..., -2.2944e-01,
           -2.5302e-01, -1.1060e-01],
          [ 1.7104e-02, -1.1684e-01, -6.1213e-01,  ..., -3.4560e-01,
           -2.1594e-01, -6.5771e-02],
          [-8.5472e-03, -2.2990e-01, -5.6812e-01,  ..., -4.2542e-01,
           -2.2301e-01, -1.4600e-02],
          ...,
          [ 1.2416e-01, -8.4016e-02,  4.5592e-02,  ...,  6.3680e-02,
           -2.0145e-01, -4.4007e-02],
          [-2.0585e-01,  3.1916e-01,  1.0413e+00,  ...,  7.1858e-03,
            1.9759e-01, -7.8797e-02],
          [ 1.7776e+00,  4.2029e-01,  3.0019e-01,  ...,  1.9778e-01,
           -5.2066e-02,  6.9201e-02]],

         [[-3.6291e-02, -3.3143e-02, -2.1208e-02,  ..., -7.8864e-02,
           -4.8749e-02, -3.8546e-02],
          [-3.3545e-02, -5.1105e-02, -5.1919e-02,  ..., -6.8935e-02,
           -3.6019e-02, -5.0865e-02],
          [-4.0494e-02, -4.2277e-02, -6.3961e-02,  ..., -7.4850e-02,
           -4.2361e-02, -5.7013e-02],
          ...,
          [ 2.9809e-02, -2.3326e-02, -4.2216e-02,  ..., -1.3115e-02,
            2.7172e-02, -2.8024e-02],
          [-2.1598e-02,  7.5249e-02, -3.0000e-03,  ...,  3.7476e-03,
           -3.5976e-02, -3.5618e-02],
          [ 2.4369e-02, -3.8672e-02,  4.5524e-02,  ...,  9.3570e-02,
           -2.7681e-02, -5.2215e-02]],

         [[-3.2461e-02, -1.9280e-02,  3.3893e-02,  ..., -8.2858e-03,
           -3.7831e-02, -3.8154e-02],
          [-1.6091e-02, -5.8165e-03,  6.1765e-03,  ..., -2.5981e-02,
           -3.6187e-02, -2.0973e-02],
          [-5.0264e-03,  3.5063e-02, -3.5249e-02,  ..., -3.7880e-02,
           -3.0459e-02,  8.3168e-03],
          ...,
          [-2.2263e-02, -1.1385e-02, -2.9724e-02,  ..., -2.3852e-02,
            2.3001e-03, -4.1187e-03],
          [-2.2672e-02,  1.2410e-02, -2.9546e-02,  ..., -3.5477e-02,
            1.0424e-02, -2.8558e-02],
          [-3.2727e-02,  6.3657e-03,  1.6068e-02,  ...,  5.3549e-02,
            1.6321e-02, -2.3625e-02]],

         ...,

         [[ 6.6792e-03,  1.0953e-02,  1.6814e-02,  ..., -3.2439e-02,
            5.5388e-03, -1.6644e-03],
          [-4.6891e-04,  3.0049e-02, -2.3044e-02,  ..., -2.8913e-02,
            1.4312e-03, -1.8141e-02],
          [ 5.2411e-03,  1.8462e-02, -5.3391e-03,  ..., -2.0853e-02,
           -1.7187e-02, -1.4744e-02],
          ...,
          [-3.6651e-03,  1.4731e-02, -3.6967e-02,  ..., -1.4168e-03,
            4.2665e-02,  3.7508e-02],
          [-4.3365e-03,  4.7316e-02,  4.4836e-02,  ...,  9.2695e-03,
            3.7356e-02,  3.1163e-02],
          [-1.9637e-03,  7.3532e-02,  7.8661e-03,  ...,  3.7567e-02,
            2.0946e-02,  1.3391e-02]],

         [[ 6.9131e-03,  1.8709e-02,  3.6781e-03,  ..., -2.1020e-02,
           -3.1355e-02,  1.1684e-02],
          [ 5.4396e-03,  2.6482e-02, -2.0017e-02,  ..., -1.7199e-02,
           -2.7817e-02,  3.8683e-02],
          [-3.0382e-03,  3.0363e-02, -7.0269e-02,  ..., -1.0505e-02,
            1.0512e-02,  7.1487e-03],
          ...,
          [ 7.8309e-03,  1.3142e-02, -3.9022e-02,  ...,  3.0356e-02,
            9.6943e-03,  2.3471e-02],
          [ 3.8041e-02, -4.9821e-02,  1.7208e-02,  ...,  1.0371e-02,
            2.4053e-02,  4.0231e-02],
          [-5.5417e-04,  1.2499e-01,  5.2103e-03,  ...,  5.3994e-02,
           -1.6489e-03,  5.6358e-02]],

         [[-1.6875e-02, -2.2776e-02, -8.9643e-03,  ..., -3.4879e-02,
           -2.0327e-02,  2.2619e-03],
          [ 2.7924e-02,  6.6388e-02, -2.8938e-01,  ..., -2.9585e-01,
           -1.0408e-01,  1.8750e-01],
          [ 5.8622e-02,  7.1444e-02, -4.4621e-01,  ..., -9.2031e-01,
            5.4982e-02, -5.3537e-01],
          ...,
          [ 1.9221e-02,  1.1767e-01,  4.2950e-01,  ...,  3.4535e-01,
           -1.3278e+00, -3.8601e-01],
          [ 5.0874e-01,  3.3335e-01, -2.7876e-01,  ..., -2.5168e-01,
            1.2573e+00, -1.3209e-01],
          [ 4.1328e-01, -6.3945e-01, -2.2651e-02,  ..., -2.8112e-01,
            5.0859e-02, -2.0399e-01]]]], device='cuda:0')
decompress: tensor([[[[-2.6622e-02, -2.7381e-02, -7.8171e-03,  ...,  2.1434e-02,
           -1.1024e-03, -5.6838e-03],
          [-3.6972e-02, -1.2835e-02, -7.7023e-02,  ...,  3.9142e-02,
            8.5646e-03,  3.9028e-02],
          [-4.2878e-02, -3.2725e-02,  5.7310e-03,  ...,  1.5330e-02,
            4.7287e-03,  2.2867e-02],
          ...,
          [ 1.3777e-03, -5.2801e-04, -4.8753e-03,  ..., -4.7372e-02,
           -4.9609e-02,  1.5681e-02],
          [-1.7364e-02, -1.0114e-01,  1.1110e-02,  ..., -6.6225e-02,
           -2.2259e-02,  2.4297e-02],
          [-6.8948e-02, -7.6933e-02, -4.4917e-02,  ..., -3.9872e-02,
           -6.6417e-02, -2.5602e-02]],

         [[ 8.7128e-03,  1.7802e-02,  4.7751e-03,  ...,  2.1059e-03,
            9.3174e-03, -1.2974e-03],
          [ 8.0070e-03,  2.9724e-02,  6.5717e-03,  ...,  2.7112e-02,
            3.2521e-02,  3.0222e-03],
          [ 2.0551e-02,  2.5904e-02,  7.0129e-02,  ...,  1.6623e-02,
            5.5462e-02,  7.7978e-03],
          ...,
          [ 4.1915e-02,  3.2412e-02,  4.0786e-02,  ...,  3.9308e-02,
           -1.8315e-02,  1.8895e-02],
          [ 1.8262e-02,  2.0727e-02,  3.0239e-02,  ...,  5.4354e-02,
            1.8919e-02,  1.8463e-02],
          [ 2.8597e-02,  1.8188e-02,  1.0316e-01,  ...,  6.0035e-02,
            1.9848e-02,  7.6371e-03]],

         [[ 2.1999e-02,  2.4233e-02,  4.8353e-03,  ...,  3.1558e-02,
            9.0552e-03,  8.6975e-03],
          [ 3.3811e-03, -1.0921e-02, -7.7102e-02,  ..., -2.3438e-03,
           -5.4450e-03, -1.2402e-03],
          [-2.0111e-03, -2.9388e-02, -6.7252e-02,  ...,  3.4083e-02,
            1.3208e-02, -9.1050e-03],
          ...,
          [ 1.6199e-02,  1.8657e-02, -1.6124e-03,  ...,  2.6546e-02,
            1.6126e-02,  6.2462e-03],
          [-3.5640e-02, -2.2859e-02,  1.3118e-02,  ..., -2.0284e-02,
            4.4174e-02,  6.8108e-03],
          [ 1.6627e-02, -7.2262e-03,  9.2776e-02,  ...,  1.3867e-02,
           -1.1801e-03,  8.9445e-03]],

         ...,

         [[ 1.2723e-02,  6.8142e-03,  2.0365e-02,  ...,  8.0932e-03,
            3.9857e-03, -4.1166e-03],
          [ 8.1912e-03,  1.4785e-02,  1.7648e-02,  ..., -4.4033e-03,
            3.9432e-03, -6.3957e-03],
          [ 1.8427e-02,  5.5674e-03, -4.2945e-02,  ..., -1.2022e-02,
           -3.1172e-02,  3.1788e-03],
          ...,
          [-1.0544e-02,  3.9278e-02, -8.1028e-03,  ..., -6.3233e-03,
           -8.2184e-02,  2.2847e-02],
          [ 2.9586e-03,  6.3740e-04,  1.1924e-02,  ..., -3.1152e-02,
           -3.0772e-02,  9.1092e-03],
          [-3.8334e-02, -1.0805e-02,  4.7973e-03,  ..., -2.8341e-02,
           -1.0221e-02,  9.4308e-03]],

         [[-5.4997e-04,  1.3332e-02, -2.1282e-02,  ...,  2.7840e-02,
            1.9971e-02,  3.9141e-03],
          [-6.7570e-03,  2.6612e-02,  2.7395e-03,  ...,  1.8038e-02,
            4.3481e-02,  5.6036e-03],
          [ 9.7613e-04, -6.9490e-02,  2.2003e-02,  ...,  1.8855e-02,
            2.0343e-02,  1.2994e-02],
          ...,
          [-2.5293e-02,  6.8499e-03,  5.7942e-02,  ...,  6.7743e-02,
            8.3837e-02,  2.5875e-02],
          [ 3.7671e-02,  8.0591e-02,  4.1818e-02,  ...,  3.8492e-02,
            4.8395e-02,  2.7982e-02],
          [ 1.1661e-01,  5.4900e-02,  6.8440e-02,  ...,  3.9941e-02,
           -6.9443e-03,  2.4562e-02]],

         [[-1.4190e-02,  1.5352e-05,  1.7281e-02,  ..., -2.4799e-02,
           -1.2481e-02, -6.5783e-03],
          [-3.5602e-02,  1.2966e-02, -1.8298e-02,  ..., -2.9870e-02,
           -2.2312e-02,  2.2955e-03],
          [-1.5509e-02,  1.8538e-03, -9.4977e-03,  ..., -2.3033e-02,
           -1.0795e-02, -1.9042e-02],
          ...,
          [-5.1993e-02, -2.0010e-02,  5.4536e-02,  ..., -3.2447e-02,
           -2.5964e-02,  1.1635e-02],
          [-2.4269e-02,  2.1696e-02, -1.1574e-02,  ..., -3.0246e-02,
           -4.3229e-02, -1.7647e-02],
          [-3.2294e-02,  7.5114e-03, -2.6440e-02,  ..., -3.6370e-03,
           -2.7801e-02, -2.2274e-02]]]], device='cuda:0')
decompress: tensor([[[[ 4.0158e-02,  3.1404e-02, -6.7912e-02,  ..., -4.9351e-02,
            1.6109e-02,  4.5178e-02],
          [ 7.4738e-02,  2.1066e-02, -9.1165e-02,  ..., -8.5592e-02,
            6.4816e-02, -4.1251e-02],
          [ 3.8641e-02, -7.7230e-02,  1.9605e-02,  ...,  4.2708e-03,
           -9.2735e-03, -3.3217e-02],
          ...,
          [ 9.8955e-02, -2.3209e-02, -8.7360e-02,  ..., -3.4163e-02,
            4.3325e-02, -2.3350e-02],
          [-6.8062e-02,  4.9443e-02,  1.7628e-01,  ..., -9.0281e-02,
            4.5684e-02,  3.5157e-02],
          [ 1.1565e-01,  1.6789e-01,  2.0847e-01,  ...,  2.2976e-01,
           -3.1882e-03, -5.8704e-02]],

         [[ 1.0010e-02,  2.5815e-02, -7.5969e-02,  ...,  6.8000e-02,
            2.9841e-02, -2.4424e-03],
          [ 3.1031e-02,  5.1398e-02, -1.2558e-01,  ...,  4.3657e-02,
            3.2193e-02,  5.0045e-02],
          [ 8.6861e-02,  1.4008e-02, -5.2842e-02,  ..., -1.5955e-02,
           -1.8634e-02,  1.2238e-03],
          ...,
          [ 3.2299e-02, -2.2919e-02,  1.7354e-01,  ..., -5.5641e-04,
            1.9671e-01, -7.0974e-02],
          [ 9.1088e-02,  1.6028e-01, -1.8464e-01,  ...,  1.2478e-02,
           -7.8133e-03, -7.0582e-02],
          [-5.2827e-02, -1.7188e-01, -2.2562e-01,  ...,  5.3027e-02,
            9.1222e-02,  1.8364e-02]],

         [[ 5.8402e-02,  7.8091e-02, -2.0926e-01,  ..., -2.1882e-01,
           -7.5370e-02,  1.2462e-01],
          [ 8.3434e-02,  5.1884e-01, -7.6525e-01,  ..., -1.4514e+00,
            3.8840e-01, -1.0660e+00],
          [-7.2694e-03,  5.6354e-01, -1.5226e+00,  ..., -1.6574e+00,
           -2.3461e+00, -1.1627e+00],
          ...,
          [ 1.0853e+00,  1.8694e-02, -3.4634e+00,  ..., -1.2141e+00,
            1.8579e-01, -1.0126e+00],
          [ 6.6671e-01, -7.4452e-01,  9.5395e-01,  ..., -2.7265e+00,
            1.1966e+00, -7.0488e-01],
          [-1.1498e-01,  4.6614e+00,  2.4746e+00,  ..., -4.9796e+00,
           -7.2284e-01, -8.9656e-01]],

         ...,

         [[ 4.0875e-02,  6.5281e-02, -6.7173e-02,  ..., -8.6086e-02,
           -1.8183e-02,  3.2699e-02],
          [ 4.0442e-02,  1.3560e-01, -1.2448e-01,  ..., -1.6325e-01,
           -6.8974e-02, -4.0820e-02],
          [ 5.5287e-02,  1.5770e-01,  6.1402e-02,  ..., -1.1993e-01,
           -4.2974e-02, -8.9349e-02],
          ...,
          [ 9.2374e-02, -1.4448e-02, -2.5519e-01,  ..., -1.2887e-02,
            1.0806e-01, -6.7554e-02],
          [ 7.6343e-02, -1.3546e-01, -8.9840e-02,  ..., -9.6585e-02,
           -2.9102e-01, -9.1708e-03],
          [-3.7012e-01,  2.3681e-01, -1.2451e-01,  ..., -1.1133e-01,
           -3.9337e-02, -1.4591e-02]],

         [[-3.9588e-03,  1.4446e-02, -6.5159e-02,  ..., -4.0215e-02,
           -5.0711e-03,  6.9618e-02],
          [ 1.2780e-02,  4.9629e-02, -8.1436e-02,  ..., -1.7361e-02,
           -2.2465e-02, -8.5407e-03],
          [-2.2815e-02,  1.1108e-02, -1.2861e-01,  ...,  7.5346e-02,
            6.6695e-02, -5.1030e-02],
          ...,
          [-1.9066e-02, -1.6052e-02, -1.4946e-02,  ...,  9.6006e-02,
            5.0452e-02, -9.7806e-02],
          [-6.9215e-02, -1.8408e-01,  2.7366e-01,  ...,  1.9746e-02,
            2.4951e-02, -1.3191e-02],
          [ 1.1756e-01, -8.0736e-03,  2.3113e-01,  ..., -1.2160e-01,
            1.3321e-01,  4.3683e-02]],

         [[ 2.4364e-02,  6.2892e-02,  7.1229e-02,  ...,  3.6510e-02,
            4.1479e-02, -2.7099e-02],
          [ 1.3947e-02,  9.8767e-02,  1.2560e-01,  ...,  6.5872e-02,
            6.3645e-02, -1.7287e-03],
          [ 1.2023e-02,  1.0523e-01,  5.9368e-02,  ...,  7.3866e-02,
            4.8157e-02, -2.3626e-02],
          ...,
          [ 5.3716e-02, -3.6146e-02, -1.6087e-01,  ...,  3.2267e-02,
            5.3318e-02, -2.5362e-02],
          [-7.3065e-02, -2.9038e-02, -2.8704e-02,  ...,  1.4147e-01,
            4.9357e-02, -3.5668e-02],
          [ 4.5157e-02,  1.2271e-01,  2.1308e-01,  ...,  4.0264e-02,
           -9.0007e-02,  2.1289e-02]]]], device='cuda:0')
./output/image_1743411007.664348877.png
decompress: tensor([[[[-5.8101e-02, -1.0850e-01, -5.3813e-02,  ...,  5.1743e-02,
           -1.6272e-02, -4.3595e-02],
          [-1.3233e-01, -1.7858e-01, -5.9334e-02,  ...,  8.6056e-02,
           -1.6166e-01,  3.9168e-05],
          [-7.5590e-02, -2.2073e-01, -7.9735e-02,  ...,  1.3087e-01,
           -3.4208e-01,  5.2191e-02],
          ...,
          [-1.5754e-01, -1.0641e-01, -1.1377e-01,  ...,  1.9411e-01,
           -1.9932e-03, -1.1342e-01],
          [ 7.5902e-02, -1.0208e+00, -3.9135e-01,  ..., -6.1827e-02,
           -1.8685e-01, -5.3806e-02],
          [ 1.2647e-01, -1.6215e-01, -3.6515e-01,  ..., -3.9342e-02,
           -1.2837e-01, -6.6596e-02]],

         [[ 2.7729e-02,  6.5839e-02,  4.6860e-02,  ..., -6.1109e-02,
           -1.6261e-02, -6.9383e-03],
          [ 4.4587e-02,  8.2286e-02,  1.4377e-01,  ..., -6.1547e-02,
            6.4158e-02,  2.2298e-02],
          [ 6.2743e-02,  3.0468e-01,  1.7264e-01,  ..., -1.1490e-01,
            1.6098e-01,  6.0307e-02],
          ...,
          [ 9.0830e-02,  4.4268e-02,  3.3155e-02,  ..., -1.1782e-01,
           -1.1819e-02,  2.6798e-02],
          [ 1.1493e-02, -1.2959e-02,  2.0753e-01,  ..., -8.7447e-03,
           -1.8362e-02,  1.6257e-02],
          [-1.3164e-02,  1.5195e-01,  2.4702e-01,  ..., -1.6402e-02,
            5.3846e-03,  1.8145e-02]],

         [[ 2.7622e-02,  2.3585e-02, -1.1648e-02,  ..., -4.9763e-02,
           -3.5943e-02, -1.4826e-02],
          [-2.8174e-02,  1.2920e-01, -8.9622e-01,  ..., -3.6133e-02,
           -1.0855e-01, -2.4407e-02],
          [ 9.5835e-02,  1.5727e-01, -5.8616e-02,  ..., -1.0220e-01,
           -1.7020e-01,  2.0410e-01],
          ...,
          [-2.5639e-02,  1.0029e-01, -1.1311e-01,  ...,  2.7431e-02,
            2.7786e-02,  6.3976e-03],
          [-6.6532e-02, -1.2868e+00, -2.3043e-01,  ..., -3.0882e-02,
           -1.5753e-02, -2.9060e-02],
          [ 1.0204e-01,  3.4348e-02,  1.4934e-01,  ...,  1.3057e-02,
           -2.6092e-02, -2.8458e-02]],

         ...,

         [[ 4.7168e-03,  9.4832e-03,  1.5798e-02,  ..., -2.2540e-02,
            1.7651e-02,  4.7057e-02],
          [ 5.4044e-02,  2.6691e-01, -3.2122e-01,  ...,  5.7963e-02,
            1.1788e-01,  2.2459e-01],
          [-5.9741e-02, -8.3105e-02, -5.0282e-01,  ...,  6.8271e-02,
            2.6358e-01, -2.2229e-01],
          ...,
          [ 3.4624e-02, -9.2084e-03, -2.0653e-01,  ...,  1.3828e-02,
            1.4632e-02,  1.3813e-01],
          [ 5.0110e-02, -1.2616e-02, -2.1341e-01,  ...,  1.0373e-01,
            4.6714e-02,  1.0374e-01],
          [-1.0987e-01, -4.7912e-02, -1.3277e-01,  ...,  5.7198e-02,
            6.6324e-02,  1.2997e-01]],

         [[-1.6486e-02, -6.7264e-02, -7.0952e-02,  ...,  8.5165e-02,
            5.5108e-03,  4.2257e-02],
          [-5.2949e-02,  1.2578e-03, -1.8760e-01,  ...,  6.2393e-02,
           -5.2768e-02, -1.5489e-02],
          [-1.4308e-01, -1.8525e-01, -2.5094e-01,  ...,  6.5697e-02,
           -9.9243e-02, -5.9719e-02],
          ...,
          [ 8.5369e-02,  2.9088e-03, -6.2836e-02,  ..., -9.4339e-03,
           -1.0268e-02,  2.3842e-02],
          [ 2.8388e-02, -9.3249e-02, -1.2625e-01,  ...,  2.1310e-02,
           -6.5538e-03,  1.5578e-02],
          [-6.3968e-02, -5.6764e-02, -1.7687e-01,  ...,  3.9537e-02,
            4.3989e-02,  4.2696e-02]],

         [[ 2.8261e-02, -5.7874e-02,  4.2753e-03,  ...,  2.8070e-02,
           -1.3799e-02,  3.1587e-02],
          [-1.0570e-01, -3.3864e-01, -4.3750e-01,  ...,  5.2611e-02,
           -1.5921e-01,  1.0881e-01],
          [ 1.1556e-01,  2.1677e+00,  1.5392e-01,  ..., -8.0862e-02,
            2.4006e-03, -4.5368e-01],
          ...,
          [ 2.5287e-02, -4.9299e-02,  7.2311e-01,  ...,  2.4820e-01,
            1.1441e-01,  9.1054e-02],
          [ 4.7104e-02, -1.8552e-01, -2.9740e-01,  ..., -1.1464e-01,
           -3.6253e-02, -5.3534e-03],
          [-7.8601e-02,  2.1389e-01, -1.3977e+00,  ...,  1.9859e-01,
           -4.1019e-02, -8.3461e-02]]]], device='cuda:0')
decompress: tensor([[[[-6.9731e-02, -4.5352e-02,  2.9172e-02,  ...,  1.0852e-01,
            7.5855e-02,  4.2467e-02],
          [ 5.5061e-01,  3.5935e+00, -2.1649e+00,  ...,  8.2314e-01,
            6.5702e-01,  9.8894e-01],
          [ 2.7016e+00,  4.8316e+00, -5.5627e+00,  ...,  1.2032e+00,
            2.0813e+00, -3.4071e+00],
          ...,
          [-2.9280e-01, -5.5011e+00,  3.6823e+00,  ...,  1.0297e+00,
           -7.4190e-02,  1.7009e+00],
          [ 1.5632e+00,  3.6844e+00,  4.4737e-01,  ...,  1.0078e+00,
           -3.3330e-02,  7.3656e-01],
          [-3.2719e+00,  4.1326e+00, -6.0351e+00,  ...,  1.4063e+00,
            7.4411e-02,  6.6453e-01]],

         [[-1.8880e-02,  2.2156e-01, -7.4052e-02,  ..., -1.6931e-02,
            7.2910e-03, -3.3088e-02],
          [ 6.8639e-02, -9.9327e-02, -1.9893e-01,  ...,  6.3831e-02,
            6.6040e-02,  6.6745e-02],
          [ 1.8872e-02,  2.2813e-01,  5.6184e-03,  ...,  1.2216e-01,
            6.0362e-02, -3.1306e-03],
          ...,
          [-1.8157e-02, -6.5959e-02,  2.4285e-02,  ..., -2.6709e-02,
            2.4244e-02,  1.0990e-02],
          [ 2.3278e-04,  1.1050e-01,  1.9177e-01,  ...,  1.1581e-01,
            1.7485e-02, -1.8996e-02],
          [-1.7181e-02, -6.2506e-01, -2.0368e-03,  ..., -7.2263e-02,
            1.1636e-02,  1.5768e-02]],

         [[-2.3781e-02,  1.9215e-02,  8.5648e-03,  ...,  1.3089e-01,
            1.0780e-01, -7.5223e-03],
          [-3.0249e-02, -3.5230e-02, -4.4434e-03,  ...,  8.2566e-01,
            5.8668e-01,  1.2498e-01],
          [-8.3390e-02, -1.3953e-01, -4.3706e-02,  ...,  1.1280e+00,
            6.1236e-01,  4.5894e-02],
          ...,
          [-1.3767e-01, -5.0460e-01,  1.3330e-01,  ...,  9.4162e-01,
            9.8695e-01,  5.9457e-01],
          [-1.1933e-01, -1.0392e+00, -5.7228e-03,  ...,  5.6135e-01,
            1.6345e+00,  7.8354e-01],
          [-1.5931e-01,  1.6325e-01,  2.5131e-02,  ..., -2.0265e-01,
            7.3299e-01,  4.6711e-01]],

         ...,

         [[-8.8589e-01,  3.6198e-01, -6.9648e-01,  ...,  3.8244e-02,
           -4.3042e-02, -1.0449e+00],
          [ 1.0322e+00,  3.3490e-01,  7.4580e-01,  ..., -5.4923e-02,
           -1.7315e-01,  6.2099e-01],
          [ 5.6211e-01,  2.0713e+00,  4.0378e-01,  ..., -1.4476e-01,
           -2.3532e+00,  1.8486e+00],
          ...,
          [-1.0434e-01,  1.0523e+00, -4.2397e-01,  ...,  1.0686e+00,
           -9.6324e-02,  7.1152e-01],
          [-2.2144e-01,  1.2651e+00, -9.7422e-01,  ...,  1.0198e+00,
            1.0007e-01,  9.2657e-01],
          [ 6.6554e-01, -1.1644e+00,  2.9538e-01,  ..., -5.0058e-02,
           -1.8230e-01,  2.7155e-02]],

         [[-2.0651e-02, -1.6060e-01, -5.5006e-01,  ...,  1.3791e-01,
            2.2504e-01,  7.4586e-02],
          [-3.7596e-02,  3.0363e-01, -1.0462e-01,  ...,  3.1317e-01,
            3.0864e-01,  4.8807e-01],
          [ 1.7543e-02,  4.1405e-01, -7.6988e-01,  ...,  2.5821e-01,
            5.0683e-01,  2.1186e-02],
          ...,
          [ 4.2248e-02,  1.7271e-01, -4.0652e-01,  ...,  4.4593e-01,
            2.6767e-01, -7.0639e-01],
          [ 3.7353e-02, -7.7999e-01, -1.0228e+00,  ...,  4.0101e-01,
            2.6060e-01,  3.9375e-01],
          [ 3.1639e-02, -3.9521e-01, -4.9729e-01,  ...,  3.7336e-01,
            1.5913e-01,  2.0265e-01]],

         [[-1.5627e-02,  3.7358e-02, -6.5337e-03,  ..., -1.6611e-02,
            5.5705e-03, -2.7589e-02],
          [ 1.7285e-02, -2.7803e-02, -9.7047e-03,  ..., -7.0769e-03,
            1.3845e-02,  1.2849e-02],
          [ 6.1884e-02,  2.9196e-02, -4.2054e-02,  ..., -1.4210e-02,
            3.9820e-02, -6.6691e-02],
          ...,
          [ 5.2935e-02,  4.2449e-02,  5.1902e-02,  ...,  1.2631e-02,
           -1.5961e-02, -7.1838e-03],
          [ 4.5554e-03,  1.0163e-01,  5.5529e-02,  ..., -2.1851e-02,
           -8.9184e-03, -2.3160e-02],
          [-9.2040e-03,  1.3874e-02, -1.5861e-02,  ..., -1.4111e-02,
           -1.2638e-02, -8.3808e-03]]]], device='cuda:0')
decompress: tensor([[[[-1.4213e+00,  6.0658e-01, -5.1238e-01,  ...,  1.5663e-01,
           -2.9742e-01, -4.7657e-03],
          [ 2.8368e+00, -3.1737e-01, -2.1571e-01,  ..., -8.8988e-01,
            2.9801e+00,  8.1657e-02],
          [-2.5791e+00,  3.6830e+00,  8.4158e-01,  ...,  2.6761e-01,
           -3.3609e-01,  1.5936e-01],
          ...,
          [ 2.9743e-01, -1.4436e+00,  5.3010e+00,  ...,  1.0928e+00,
           -1.2128e+00, -9.5526e-01],
          [-1.3857e-01,  3.6760e+00, -7.5233e-01,  ...,  3.4003e-02,
            1.0141e+00,  1.2512e-01],
          [ 4.8688e-02,  5.2622e+00, -5.1641e-01,  ...,  9.3365e-01,
            1.3323e+00,  1.3771e-01]],

         [[-3.5692e-02, -1.0523e-02,  1.2792e-02,  ..., -1.4087e-02,
           -2.6166e-03,  3.0193e-02],
          [-1.7436e-02, -1.0733e-02, -1.6626e-02,  ..., -1.8661e-02,
            4.2853e-02,  2.3972e-02],
          [-3.5937e-02, -1.8650e-02,  7.8978e-02,  ..., -9.8299e-03,
            1.9503e-02, -3.4641e-02],
          ...,
          [-2.6517e-02,  1.8135e-04,  3.1840e-03,  ..., -1.9040e-02,
           -4.6865e-03,  1.1028e-03],
          [ 5.2557e-03, -6.4373e-02, -3.4533e-02,  ..., -1.3813e-02,
           -1.6223e-02, -1.0715e-03],
          [-6.6926e-02, -1.6432e-02, -3.9515e-04,  ..., -1.3363e-03,
            7.3351e-03, -9.9645e-03]],

         [[-2.5121e-02,  1.2456e-02, -2.2515e-02,  ..., -2.2199e-03,
           -9.7576e-03,  1.9821e-03],
          [-2.3990e-02,  2.2123e-02,  8.4214e-04,  ..., -1.7448e-02,
            1.4508e-02,  8.6125e-03],
          [-1.9428e-02, -3.5583e-02, -4.4759e-02,  ..., -3.3112e-02,
            9.4337e-02,  1.1238e-02],
          ...,
          [ 3.1843e-02, -1.0307e-02, -2.6586e-02,  ..., -1.1052e-02,
            1.4709e-02,  1.6325e-02],
          [ 1.6410e-02, -2.6931e-02,  2.0565e-02,  ...,  8.5946e-03,
            1.9228e-02,  6.9240e-03],
          [-2.5825e-02,  2.2551e-02, -5.3840e-02,  ...,  1.3923e-02,
            1.4616e-02, -1.7357e-03]],

         ...,

         [[-4.4986e-03,  6.9490e-02,  1.0605e-02,  ...,  3.3267e-02,
            1.8617e-03,  4.5256e-02],
          [ 5.0043e-04,  6.4648e-02,  3.3427e-02,  ...,  3.3799e-02,
            5.1148e-02,  4.6486e-02],
          [ 2.5593e-02,  9.2215e-02,  4.8999e-02,  ...,  3.9709e-02,
            5.1166e-02,  8.1436e-04],
          ...,
          [ 4.3294e-02,  4.5934e-02,  8.0614e-02,  ...,  1.0974e-02,
           -4.0341e-03,  3.6346e-02],
          [ 1.9747e-02,  4.7568e-02, -6.3659e-03,  ...,  1.9716e-02,
            4.4956e-03,  2.5112e-03],
          [-1.1859e-02,  8.2389e-02,  5.7029e-02,  ...,  2.1086e-02,
            2.0495e-02,  4.2431e-03]],

         [[-2.9203e-03,  4.9860e-02,  3.2944e-02,  ...,  4.2374e-02,
            8.8596e-03,  1.8721e-02],
          [ 1.8049e-02,  1.1308e-01, -1.3007e-01,  ...,  6.4720e-02,
            4.8432e-02,  4.3169e-02],
          [ 1.7316e-02, -2.1955e-02, -6.4340e-03,  ...,  8.5015e-02,
            5.3277e-02,  5.2731e-02],
          ...,
          [ 5.7807e-03, -1.1966e-03,  3.8745e-02,  ...,  3.7328e-02,
            1.1977e-03,  3.5798e-02],
          [ 3.6003e-02, -1.9753e-02,  3.4723e-03,  ...,  4.1320e-02,
            2.9004e-02,  2.9136e-02],
          [-4.7836e-03,  2.1431e-02, -7.3361e-02,  ...,  1.9301e-02,
            2.1524e-02, -2.9907e-03]],

         [[-4.7295e-02,  1.5758e-02, -9.8422e-02,  ..., -5.8941e-02,
           -5.0448e-02, -1.5663e-02],
          [ 9.8164e-01,  9.8361e-01, -9.6815e-01,  ...,  2.0667e-01,
            1.2558e+00,  3.1933e-01],
          [ 3.8913e-01, -1.0582e+00,  1.6048e+00,  ..., -9.7181e-01,
            1.2321e+00,  7.0521e-01],
          ...,
          [ 3.3046e-01,  9.6346e-01, -1.2712e+00,  ...,  9.2160e-02,
           -6.8405e-02,  2.4827e-01],
          [-5.2505e-02, -5.5347e-01, -1.3291e+00,  ..., -8.9705e-01,
            7.1381e-02,  2.8485e-01],
          [ 2.7283e-01, -7.6724e-01, -3.1018e-01,  ...,  2.7983e-01,
            2.5991e-03,  7.0685e-02]]]], device='cuda:0')
decompress: tensor([[[[ 0.0203, -0.0049, -0.0406,  ..., -0.0232, -0.0231, -0.0347],
          [-0.0574, -0.1305,  0.0378,  ..., -0.0609, -0.0332, -0.0131],
          [-0.0192, -0.1007,  0.0444,  ..., -0.0438, -0.0925,  0.0010],
          ...,
          [-0.0041, -0.0149, -0.0501,  ..., -0.0124, -0.0072, -0.0665],
          [-0.0867, -0.0030,  0.0434,  ..., -0.0438, -0.0555, -0.0804],
          [ 0.0255, -0.0421,  0.0999,  ..., -0.0610, -0.0633, -0.0498]],

         [[ 0.0244,  0.0409, -0.0272,  ...,  0.0225,  0.0080, -0.0116],
          [ 0.0527, -0.0410, -0.0067,  ...,  0.0145,  0.0560,  0.0293],
          [ 0.0568, -0.0992,  0.0215,  ...,  0.0235, -0.0278,  0.0572],
          ...,
          [-0.0446,  0.0631,  0.0991,  ...,  0.0438,  0.0079,  0.0246],
          [-0.0167,  0.0954, -0.0824,  ...,  0.0037,  0.0168,  0.0268],
          [ 0.0587,  0.0309,  0.0428,  ...,  0.0361,  0.0437,  0.0195]],

         [[-0.0340, -0.0390, -0.0190,  ...,  0.0194, -0.0368,  0.0028],
          [ 0.0245, -0.0751, -0.0240,  ...,  0.0343,  0.0423, -0.0566],
          [-0.1197, -0.0764,  0.0756,  ...,  0.0397,  0.0260, -0.0179],
          ...,
          [-0.0073, -0.0656,  0.0003,  ..., -0.0183,  0.0219,  0.0020],
          [-0.0327, -0.0087, -0.0317,  ..., -0.0114,  0.0230,  0.0197],
          [ 0.0142,  0.0523,  0.0083,  ...,  0.0082, -0.0034, -0.0052]],

         ...,

         [[-0.0013,  0.0044, -0.0141,  ...,  0.0027, -0.0137,  0.0154],
          [ 0.0333, -0.0171,  0.0294,  ..., -0.0174, -0.0158,  0.0121],
          [ 0.0450, -0.0323, -0.1217,  ..., -0.0021,  0.0073, -0.0151],
          ...,
          [ 0.0412,  0.0004, -0.0103,  ...,  0.0055, -0.0451, -0.0202],
          [ 0.0204,  0.1115,  0.0465,  ..., -0.0097, -0.0286, -0.0195],
          [ 0.0119,  0.0403, -0.0921,  ...,  0.0250, -0.0023,  0.0011]],

         [[ 0.0358,  0.0044,  0.0599,  ...,  0.0091,  0.0147,  0.0198],
          [ 0.0656, -0.0353, -0.0303,  ...,  0.0054,  0.0699,  0.0323],
          [ 0.0671, -0.0350,  0.0818,  ...,  0.0346,  0.0349,  0.0834],
          ...,
          [-0.0188,  0.0276, -0.0252,  ...,  0.0439,  0.0116,  0.0213],
          [ 0.0345,  0.1074, -0.0110,  ...,  0.0280,  0.0592,  0.0052],
          [ 0.1030,  0.0610,  0.0518,  ...,  0.0322,  0.0197,  0.0377]],

         [[ 0.0155, -0.0074, -0.0151,  ...,  0.0005,  0.0095,  0.0129],
          [-0.0381, -0.0394, -0.0672,  ..., -0.0108, -0.0005,  0.0362],
          [ 0.0100, -0.0193, -0.1543,  ..., -0.0045,  0.0368, -0.0273],
          ...,
          [ 0.0021, -0.0367,  0.0262,  ...,  0.0367, -0.0092,  0.0189],
          [ 0.0315, -0.0291,  0.0120,  ..., -0.0272, -0.0133,  0.0205],
          [-0.0254,  0.0516, -0.0463,  ..., -0.0053, -0.0122, -0.0044]]]],
       device='cuda:0')
decompress: tensor([[[[-3.5534e-02, -9.4447e-02, -1.5075e-01,  ...,  1.0769e-02,
            5.2236e-03,  2.7703e-02],
          [ 5.7958e-02,  5.4452e-02,  3.0499e-01,  ...,  7.5224e-02,
           -4.5343e-02,  2.1202e-02],
          [-9.7763e-02,  9.8028e-02,  2.8321e-01,  ..., -7.6462e-02,
            7.6690e-03,  8.6140e-02],
          ...,
          [ 7.2750e-02,  2.0957e-01,  2.6853e-02,  ...,  7.0315e-02,
            7.0396e-03, -6.8916e-02],
          [-1.4558e-01,  3.3697e-02, -6.6950e-02,  ...,  7.8013e-03,
            7.1792e-02, -9.1928e-02],
          [ 9.5309e-02, -2.6426e-01,  6.5096e-02,  ..., -1.8014e-02,
           -5.1414e-03, -8.1274e-03]],

         [[ 4.8089e-02,  1.0824e-01, -4.7789e-02,  ...,  3.0324e-02,
           -7.0641e-03, -6.7573e-02],
          [ 1.0721e-04, -1.0680e-01,  9.2213e-02,  ...,  8.9598e-02,
            9.0993e-02, -8.3233e-02],
          [-6.6395e-02,  2.0137e-01,  4.9066e-02,  ...,  1.8460e-01,
           -7.1638e-02,  7.6395e-02],
          ...,
          [-1.6352e-03,  1.6865e-02, -1.3520e-01,  ...,  1.6946e-01,
            1.0610e-01, -4.3667e-03],
          [-3.4400e-02, -3.8625e-01, -1.0066e-01,  ..., -1.5281e-02,
            3.6663e-02, -1.3663e-02],
          [ 5.4577e-02,  7.2466e-03, -1.4200e-01,  ...,  2.1142e-02,
            3.6066e-02, -5.5833e-02]],

         [[ 6.1696e-02,  7.1955e-01, -7.1425e-01,  ..., -6.8492e-02,
           -4.5593e-02,  1.0240e-01],
          [-1.4445e+00, -6.1798e-01, -1.5830e+00,  ...,  1.9321e+00,
            8.3119e-01,  1.7750e+00],
          [ 2.4652e-01, -2.5735e+00, -2.8722e+00,  ...,  3.4535e-01,
           -1.7102e-01,  1.0691e+00],
          ...,
          [ 4.5235e-01, -7.9180e-01, -3.0686e-01,  ...,  4.1337e-01,
            1.7277e+00,  1.2472e+00],
          [ 1.0182e+00, -2.9776e+00, -1.9945e+00,  ...,  1.9900e+00,
            1.7231e+00, -1.2745e-01],
          [ 9.9086e-01, -1.9631e+00, -4.1167e-01,  ...,  6.3879e-01,
            5.1494e-01,  1.3884e+00]],

         ...,

         [[-3.0358e-03,  1.4921e-01, -1.9692e-02,  ...,  4.4743e-02,
            6.0281e-02,  3.8552e-02],
          [-1.0354e-01,  1.2986e-01,  9.7499e-03,  ..., -1.0775e-01,
           -1.1752e-01, -2.1055e-02],
          [ 1.1350e-01,  1.5425e-01, -5.6936e-02,  ..., -7.1330e-02,
            1.0356e-01, -3.7268e-02],
          ...,
          [-3.6082e-02, -1.2238e-01, -2.6850e-01,  ..., -4.2957e-02,
           -1.7336e-01,  3.6249e-03],
          [-2.2559e-02,  5.2087e-02,  2.8652e-02,  ..., -1.1559e-01,
           -9.7105e-02,  1.1129e-01],
          [ 2.6801e-01,  1.2290e-01, -5.5361e-02,  ..., -1.1802e-01,
           -1.1403e-01,  6.2028e-02]],

         [[-4.3117e-02, -2.4117e-02, -1.3104e-01,  ...,  2.7567e-02,
           -6.4083e-02,  1.3264e-02],
          [ 1.3665e-01,  5.9710e-02, -1.1752e-01,  ...,  1.2013e-01,
           -5.6107e-02,  6.1477e-02],
          [-2.2124e-02, -2.9581e-01,  2.1716e-01,  ..., -6.6572e-02,
            1.4237e-01, -2.2336e-01],
          ...,
          [ 7.4520e-02, -1.1615e-01, -1.4184e-02,  ...,  3.2675e-02,
           -4.5627e-02, -6.9669e-03],
          [-9.8870e-02,  3.1247e-01, -1.0703e-01,  ..., -8.5041e-02,
            4.6914e-02, -1.0020e-02],
          [-8.6497e-02,  6.3666e-02,  2.8544e-01,  ...,  4.2027e-03,
           -1.0355e-02, -1.4726e-02]],

         [[ 1.5384e-02, -1.0217e-01,  2.0370e-02,  ...,  2.5732e-02,
           -2.2841e-02,  6.7429e-02],
          [-3.9897e-02,  2.6638e-01, -1.1127e-01,  ..., -5.3495e-02,
            8.6992e-02,  1.4013e-02],
          [-2.5162e-03, -1.1093e-01,  8.9495e-02,  ..., -8.2281e-02,
           -3.1714e-02,  2.0876e-02],
          ...,
          [ 1.0545e-03,  2.6690e-01,  1.8250e-01,  ..., -1.1161e-01,
            3.8779e-02,  1.0613e-01],
          [ 1.8406e-01, -2.2534e-02, -1.4301e-01,  ...,  3.5913e-03,
            3.5445e-02,  1.6850e-02],
          [-3.9610e-02, -5.0774e-02,  7.2392e-02,  ..., -2.7239e-03,
           -8.8401e-03,  9.2466e-02]]]], device='cuda:0')
./output/image_1743411027.263282227.png
